This is pdfTeX, Version 3.14159265-2.6-1.40.21 (TeX Live 2020) (preloaded format=pdflatex 2021.9.6)  15 NOV 2021 23:57
entering extended mode
 \write18 enabled.
 file:line:error style messages enabled.
 %&-line parsing enabled.
**Reporte.tex
(./Reporte.tex
LaTeX2e <2020-02-02> patch level 5
L3 programming layer <2020-04-06>
(/usr/share/texlive/texmf-dist/tex/latex/base/report.cls
Document Class: report 2019/12/20 v1.4l Standard LaTeX document class
(/usr/share/texlive/texmf-dist/tex/latex/base/size12.clo
File: size12.clo 2019/12/20 v1.4l Standard LaTeX file (size option)
)
\c@part=\count167
\c@chapter=\count168
\c@section=\count169
\c@subsection=\count170
\c@subsubsection=\count171
\c@paragraph=\count172
\c@subparagraph=\count173
\c@figure=\count174
\c@table=\count175
\abovecaptionskip=\skip47
\belowcaptionskip=\skip48
\bibindent=\dimen134
)
(/usr/share/texlive/texmf-dist/tex/generic/babel/babel.sty
Package: babel 2020/03/22 3.42 The Babel package

(/usr/share/texlive/texmf-dist/tex/generic/babel/switch.def
File: switch.def 2020/03/22 3.42 Babel switching mechanism
)
(/usr/share/texlive/texmf-dist/tex/generic/babel-spanish/spanish.ldf
Language: spanish.ldf 2016/03/03 v5.0p Spanish support from the babel system

(/usr/share/texlive/texmf-dist/tex/generic/babel/babel.def
File: babel.def 2020/03/22 3.42 Babel common definitions
\babel@savecnt=\count176
\U@D=\dimen135

(/usr/share/texlive/texmf-dist/tex/generic/babel/txtbabel.def)
\bbl@readstream=\read2
\bbl@dirlevel=\count177
)
\es@quottoks=\toks15
\es@quotdepth=\count178
Package babel Info: Making " an active character on input line 561.
))
(/usr/share/texlive/texmf-dist/tex/latex/base/inputenc.sty
Package: inputenc 2018/08/11 v1.3c Input encoding file
\inpenc@prehook=\toks16
\inpenc@posthook=\toks17
)
(/usr/share/texlive/texmf-dist/tex/latex/geometry/geometry.sty
Package: geometry 2020/01/02 v5.9 Page Geometry

(/usr/share/texlive/texmf-dist/tex/latex/graphics/keyval.sty
Package: keyval 2014/10/28 v1.15 key=value parser (DPC)
\KV@toks@=\toks18
)
(/usr/share/texlive/texmf-dist/tex/generic/iftex/ifvtex.sty
Package: ifvtex 2019/10/25 v1.7 ifvtex legacy package. Use iftex instead.

(/usr/share/texlive/texmf-dist/tex/generic/iftex/iftex.sty
Package: iftex 2020/03/06 v1.0d TeX engine tests
))
\Gm@cnth=\count179
\Gm@cntv=\count180
\c@Gm@tempcnt=\count181
\Gm@bindingoffset=\dimen136
\Gm@wd@mp=\dimen137
\Gm@odd@mp=\dimen138
\Gm@even@mp=\dimen139
\Gm@layoutwidth=\dimen140
\Gm@layoutheight=\dimen141
\Gm@layouthoffset=\dimen142
\Gm@layoutvoffset=\dimen143
\Gm@dimlist=\toks19
)
(/usr/share/texlive/texmf-dist/tex/latex/adjustbox/adjustbox.sty
Package: adjustbox 2019/01/04 v1.2 Adjusting TeX boxes (trim, clip, ...)

(/usr/share/texlive/texmf-dist/tex/latex/xkeyval/xkeyval.sty
Package: xkeyval 2014/12/03 v2.7a package option processing (HA)

(/usr/share/texlive/texmf-dist/tex/generic/xkeyval/xkeyval.tex
(/usr/share/texlive/texmf-dist/tex/generic/xkeyval/xkvutils.tex
\XKV@toks=\toks20
\XKV@tempa@toks=\toks21
)
\XKV@depth=\count182
File: xkeyval.tex 2014/12/03 v2.7a key=value parser (HA)
))
(/usr/share/texlive/texmf-dist/tex/latex/adjustbox/adjcalc.sty
Package: adjcalc 2012/05/16 v1.1 Provides advanced setlength with multiple back
-ends (calc, etex, pgfmath)
)
(/usr/share/texlive/texmf-dist/tex/latex/adjustbox/trimclip.sty
Package: trimclip 2018/04/08 v1.1 Trim and clip general TeX material

(/usr/share/texlive/texmf-dist/tex/latex/graphics/graphicx.sty
Package: graphicx 2019/11/30 v1.2a Enhanced LaTeX Graphics (DPC,SPQR)

(/usr/share/texlive/texmf-dist/tex/latex/graphics/graphics.sty
Package: graphics 2019/11/30 v1.4a Standard LaTeX Graphics (DPC,SPQR)

(/usr/share/texlive/texmf-dist/tex/latex/graphics/trig.sty
Package: trig 2016/01/03 v1.10 sin cos tan (DPC)
)
(/usr/share/texlive/texmf-dist/tex/latex/graphics-cfg/graphics.cfg
File: graphics.cfg 2016/06/04 v1.11 sample graphics configuration
)
Package graphics Info: Driver file: pdftex.def on input line 105.

(/usr/share/texlive/texmf-dist/tex/latex/graphics-def/pdftex.def
File: pdftex.def 2018/01/08 v1.0l Graphics/color driver for pdftex
))
\Gin@req@height=\dimen144
\Gin@req@width=\dimen145
)
(/usr/share/texlive/texmf-dist/tex/latex/collectbox/collectbox.sty
Package: collectbox 2012/05/17 v0.4b Collect macro arguments as boxes
\collectedbox=\box45
)
\tc@llx=\dimen146
\tc@lly=\dimen147
\tc@urx=\dimen148
\tc@ury=\dimen149
Package trimclip Info: Using driver 'tc-pdftex.def'.

(/usr/share/texlive/texmf-dist/tex/latex/adjustbox/tc-pdftex.def
File: tc-pdftex.def 2019/01/04 v2.2 Clipping driver for pdftex
))
\adjbox@Width=\dimen150
\adjbox@Height=\dimen151
\adjbox@Depth=\dimen152
\adjbox@Totalheight=\dimen153
\adjbox@pwidth=\dimen154
\adjbox@pheight=\dimen155
\adjbox@pdepth=\dimen156
\adjbox@ptotalheight=\dimen157

(/usr/share/texlive/texmf-dist/tex/latex/ifoddpage/ifoddpage.sty
Package: ifoddpage 2016/04/23 v1.1 Conditionals for odd/even page detection
\c@checkoddpage=\count183
)
(/usr/share/texlive/texmf-dist/tex/latex/varwidth/varwidth.sty
Package: varwidth 2009/03/30 ver 0.92;  Variable-width minipages
\@vwid@box=\box46
\sift@deathcycles=\count184
\@vwid@loff=\dimen158
\@vwid@roff=\dimen159
))
(/usr/share/texlive/texmf-dist/tex/latex/caption/caption.sty
Package: caption 2020/01/03 v3.4h Customizing captions (AR)

(/usr/share/texlive/texmf-dist/tex/latex/caption/caption3.sty
Package: caption3 2020/01/03 v1.8h caption3 kernel (AR)
Package caption3 Info: TeX engine: e-TeX on input line 61.
\captionmargin=\dimen160
\captionmargin@=\dimen161
\captionwidth=\dimen162
\caption@tempdima=\dimen163
\caption@indent=\dimen164
\caption@parindent=\dimen165
\caption@hangindent=\dimen166
Package caption Info: Standard document class detected.
)
\c@caption@flags=\count185
\c@continuedfloat=\count186
)
(/usr/share/texlive/texmf-dist/tex/latex/caption/subcaption.sty
Package: subcaption 2020/01/22 v1.3d Sub-captions (AR)
\c@subfigure=\count187
\c@subtable=\count188
)
(/usr/share/texlive/texmf-dist/tex/latex/listings/listings.sty
\lst@mode=\count189
\lst@gtempboxa=\box47
\lst@token=\toks22
\lst@length=\count190
\lst@currlwidth=\dimen167
\lst@column=\count191
\lst@pos=\count192
\lst@lostspace=\dimen168
\lst@width=\dimen169
\lst@newlines=\count193
\lst@lineno=\count194
\lst@maxwidth=\dimen170

(/usr/share/texlive/texmf-dist/tex/latex/listings/lstmisc.sty
File: lstmisc.sty 2020/03/24 1.8d (Carsten Heinz)
\c@lstnumber=\count195
\lst@skipnumbers=\count196
\lst@framebox=\box48
)
(/usr/share/texlive/texmf-dist/tex/latex/listings/listings.cfg
File: listings.cfg 2020/03/24 1.8d listings configuration
))
Package: listings 2020/03/24 1.8d (Carsten Heinz)

(/usr/share/texlive/texmf-dist/tex/latex/minted/minted.sty
Package: minted 2017/07/19 v2.5 Yet another Pygments shim for LaTeX

(/usr/share/texlive/texmf-dist/tex/latex/kvoptions/kvoptions.sty
Package: kvoptions 2019/11/29 v3.13 Key value format for package options (HO)

(/usr/share/texlive/texmf-dist/tex/generic/ltxcmds/ltxcmds.sty
Package: ltxcmds 2019/12/15 v1.24 LaTeX kernel commands for general use (HO)
)
(/usr/share/texlive/texmf-dist/tex/generic/kvsetkeys/kvsetkeys.sty
Package: kvsetkeys 2019/12/15 v1.18 Key value parser (HO)
))
(/usr/share/texlive/texmf-dist/tex/latex/fvextra/fvextra.sty
Package: fvextra 2019/02/04 v1.4 fvextra - extensions and patches for fancyvrb

(/usr/share/texlive/texmf-dist/tex/latex/base/ifthen.sty
Package: ifthen 2014/09/29 v1.1c Standard LaTeX ifthen package (DPC)
)
(/usr/share/texlive/texmf-dist/tex/latex/etoolbox/etoolbox.sty
Package: etoolbox 2019/09/21 v2.5h e-TeX tools for LaTeX (JAW)
\etb@tempcnta=\count197
)
(/usr/share/texlive/texmf-dist/tex/latex/fancyvrb/fancyvrb.sty
Package: fancyvrb 2020/01/13 v3.5 verbatim text (tvz,hv)
\FV@CodeLineNo=\count198
\FV@InFile=\read3
\FV@TabBox=\box49
\c@FancyVerbLine=\count199
\FV@StepNumber=\count266
\FV@OutFile=\write3
)
(/usr/share/texlive/texmf-dist/tex/latex/upquote/upquote.sty
Package: upquote 2012/04/19 v1.3 upright-quote and grave-accent glyphs in verba
tim
)
(/usr/share/texlive/texmf-dist/tex/latex/lineno/lineno.sty
Package: lineno 2005/11/02 line numbers on paragraphs v4.41
\linenopenalty=\count267
\output=\toks23
\linenoprevgraf=\count268
\linenumbersep=\dimen171
\linenumberwidth=\dimen172
\c@linenumber=\count269
\c@pagewiselinenumber=\count270
\c@LN@truepage=\count271
\c@internallinenumber=\count272
\c@internallinenumbers=\count273
\quotelinenumbersep=\dimen173
\bframerule=\dimen174
\bframesep=\dimen175
\bframebox=\box50
LaTeX Info: Redefining \\ on input line 3056.
)
\c@FV@TrueTabGroupLevel=\count274
\c@FV@TrueTabCounter=\count275
\FV@TabBox@Group=\box51
\FV@TmpLength=\skip49
\c@FV@HighlightLinesStart=\count276
\c@FV@HighlightLinesStop=\count277
\FV@LoopCount=\count278
\FV@NCharsBox=\box52
\FV@BreakIndent=\dimen176
\FV@BreakIndentNChars=\count279
\FV@BreakSymbolSepLeft=\dimen177
\FV@BreakSymbolSepLeftNChars=\count280
\FV@BreakSymbolSepRight=\dimen178
\FV@BreakSymbolSepRightNChars=\count281
\FV@BreakSymbolIndentLeft=\dimen179
\FV@BreakSymbolIndentLeftNChars=\count282
\FV@BreakSymbolIndentRight=\dimen180
\FV@BreakSymbolIndentRightNChars=\count283
\c@FancyVerbLineBreakLast=\count284
\FV@LineBox=\box53
\FV@LineIndentBox=\box54
\FV@LineWidth=\dimen181
)
(/usr/share/texlive/texmf-dist/tex/latex/tools/calc.sty
Package: calc 2017/05/25 v4.3 Infix arithmetic (KKT,FJ)
\calc@Acount=\count285
\calc@Bcount=\count286
\calc@Adimen=\dimen182
\calc@Bdimen=\dimen183
\calc@Askip=\skip50
\calc@Bskip=\skip51
LaTeX Info: Redefining \setlength on input line 80.
LaTeX Info: Redefining \addtolength on input line 81.
\calc@Ccount=\count287
\calc@Cskip=\skip52
)
(/usr/share/texlive/texmf-dist/tex/latex/tools/shellesc.sty
Package: shellesc 2019/11/08 v1.0c unified shell escape interface for LaTeX
Package shellesc Info: Unrestricted shell escape enabled on input line 75.
)
(/usr/share/texlive/texmf-dist/tex/latex/ifplatform/ifplatform.sty
Package: ifplatform 2017/10/13 v0.4a Testing for the operating system

(/usr/share/texlive/texmf-dist/tex/latex/pdftexcmds/pdftexcmds.sty
Package: pdftexcmds 2019/11/24 v0.31 Utility functions of pdfTeX for LuaTeX (HO
)

(/usr/share/texlive/texmf-dist/tex/generic/infwarerr/infwarerr.sty
Package: infwarerr 2019/12/03 v1.5 Providing info/warning/error messages (HO)
)
Package pdftexcmds Info: \pdf@primitive is available.
Package pdftexcmds Info: \pdf@ifprimitive is available.
Package pdftexcmds Info: \pdfdraftmode found.
)
(/usr/share/texlive/texmf-dist/tex/generic/catchfile/catchfile.sty
Package: catchfile 2019/12/09 v1.8 Catch the contents of a file (HO)

(/usr/share/texlive/texmf-dist/tex/generic/etexcmds/etexcmds.sty
Package: etexcmds 2019/12/15 v1.7 Avoid name clashes with e-TeX commands (HO)
))
(/usr/share/texlive/texmf-dist/tex/generic/iftex/ifluatex.sty
Package: ifluatex 2019/10/25 v1.5 ifluatex legacy package. Use iftex instead.
)
runsystem(uname -s > "Reporte.w18")...executed.

 (./Reporte.w18)
runsystem(rm -- "Reporte.w18")...executed.

) (/usr/share/texlive/texmf-dist/tex/generic/xstring/xstring.sty
(/usr/share/texlive/texmf-dist/tex/generic/xstring/xstring.tex
\integerpart=\count288
\decimalpart=\count289
)
Package: xstring 2019/02/06 v1.83 String manipulations (CT)
)
(/usr/share/texlive/texmf-dist/tex/latex/framed/framed.sty
Package: framed 2011/10/22 v 0.96: framed or shaded text with page breaks
\OuterFrameSep=\skip53
\fb@frw=\dimen184
\fb@frh=\dimen185
\FrameRule=\dimen186
\FrameSep=\dimen187
)
(/usr/share/texlive/texmf-dist/tex/latex/float/float.sty
Package: float 2001/11/08 v1.3d Float enhancements (AL)
\c@float@type=\count290
\float@exts=\toks24
\float@box=\box55
\@float@everytoks=\toks25
\@floatcapt=\box56
)
\minted@appexistsfile=\read4
\minted@bgbox=\box57
\minted@code=\write4
\c@minted@FancyVerbLineTemp=\count291
\c@minted@pygmentizecounter=\count292
\@float@every@listing=\toks26
\c@listing=\count293
)
runsystem(mkdir -p _minted-Reporte)...executed.


(/usr/share/texlive/texmf-dist/tex/latex/fancyhdr/fancyhdr.sty
Package: fancyhdr 2019/01/31 v3.10 Extensive control of page headers and footer
s
\f@nch@headwidth=\skip54
\f@nch@O@elh=\skip55
\f@nch@O@erh=\skip56
\f@nch@O@olh=\skip57
\f@nch@O@orh=\skip58
\f@nch@O@elf=\skip59
\f@nch@O@erf=\skip60
\f@nch@O@olf=\skip61
\f@nch@O@orf=\skip62
)
(/usr/share/texlive/texmf-dist/tex/latex/xcolor/xcolor.sty
Package: xcolor 2016/05/11 v2.12 LaTeX color extensions (UK)

(/usr/share/texlive/texmf-dist/tex/latex/graphics-cfg/color.cfg
File: color.cfg 2016/01/02 v1.6 sample color configuration
)
Package xcolor Info: Driver file: pdftex.def on input line 225.
Package xcolor Info: Model `cmy' substituted by `cmy0' on input line 1348.
Package xcolor Info: Model `hsb' substituted by `rgb' on input line 1352.
Package xcolor Info: Model `RGB' extended on input line 1364.
Package xcolor Info: Model `HTML' substituted by `rgb' on input line 1366.
Package xcolor Info: Model `Hsb' substituted by `hsb' on input line 1367.
Package xcolor Info: Model `tHsb' substituted by `hsb' on input line 1368.
Package xcolor Info: Model `HSB' substituted by `hsb' on input line 1369.
Package xcolor Info: Model `Gray' substituted by `gray' on input line 1370.
Package xcolor Info: Model `wave' substituted by `hsb' on input line 1371.
)
runsystem(which pygmentize && touch Reporte.aex)...executed.

runsystem(rm Reporte.aex)...executed.


(/usr/share/texlive/texmf-dist/tex/latex/l3backend/l3backend-pdfmode.def
File: l3backend-pdfmode.def 2020-03-12 L3 backend support: PDF mode
\l__kernel_color_stack_int=\count294
\l__pdf_internal_box=\box58
)
(./Reporte.aux
LaTeX Info: Redefining \. on input line 5.
LaTeX Info: Redefining \% on input line 5.


LaTeX Warning: Label `fig:Reservar el espacio del montículo' multiply defined.



LaTeX Warning: Label `fig:Insertar nodos en la cola de prioridad' multiply defi
ned.


LaTeX Warning: Label `fig:Insertar datos en los nodos' multiply defined.


LaTeX Warning: Label `fig:Insercion en la cola de prioridad' multiply defined.


LaTeX Warning: Label `fig:Hacer bottom top al montículo' multiply defined.


LaTeX Warning: Label `fig:Unir todos los arboles en uno principal' multiply def
ined.


LaTeX Warning: Label `fig:Eliminar y devolver el menor elemento de la cola' mul
tiply defined.


LaTeX Warning: Label `fig:Hacer top bottom al montículo' multiply defined.


LaTeX Warning: Label `fig:Unir dos nodos a un ancestro comun' multiply defined.



LaTeX Warning: Label `fig:Obtener la codificación correspondiente' multiply de
fined.

)
\openout1 = `Reporte.aux'.

LaTeX Font Info:    Checking defaults for OML/cmm/m/it on input line 22.
LaTeX Font Info:    ... okay on input line 22.
LaTeX Font Info:    Checking defaults for OMS/cmsy/m/n on input line 22.
LaTeX Font Info:    ... okay on input line 22.
LaTeX Font Info:    Checking defaults for OT1/cmr/m/n on input line 22.
LaTeX Font Info:    ... okay on input line 22.
LaTeX Font Info:    Checking defaults for T1/cmr/m/n on input line 22.
LaTeX Font Info:    ... okay on input line 22.
LaTeX Font Info:    Checking defaults for TS1/cmr/m/n on input line 22.
LaTeX Font Info:    ... okay on input line 22.
LaTeX Font Info:    Checking defaults for OMX/cmex/m/n on input line 22.
LaTeX Font Info:    ... okay on input line 22.
LaTeX Font Info:    Checking defaults for U/cmr/m/n on input line 22.
LaTeX Font Info:    ... okay on input line 22.
LaTeX Info: Redefining \. on input line 22.
LaTeX Info: Redefining \% on input line 22.

*geometry* driver: auto-detecting
*geometry* detected driver: pdftex
*geometry* verbose mode - [ preamble ] result:
* driver: pdftex
* paper: <default>
* layout: <same size as paper>
* layoutoffset:(h,v)=(0.0pt,0.0pt)
* modes: 
* h-part:(L,W,R)=(71.13188pt, 472.03123pt, 71.13188pt)
* v-part:(T,H,B)=(71.13188pt, 652.70622pt, 71.13188pt)
* \paperwidth=614.295pt
* \paperheight=794.96999pt
* \textwidth=472.03123pt
* \textheight=652.70622pt
* \oddsidemargin=-1.1381pt
* \evensidemargin=-1.1381pt
* \topmargin=-38.1381pt
* \headheight=12.0pt
* \headsep=25.0pt
* \topskip=12.0pt
* \footskip=30.0pt
* \marginparwidth=44.0pt
* \marginparsep=10.0pt
* \columnsep=10.0pt
* \skip\footins=10.8pt plus 4.0pt minus 2.0pt
* \hoffset=0.0pt
* \voffset=0.0pt
* \mag=1000
* \@twocolumnfalse
* \@twosidefalse
* \@mparswitchfalse
* \@reversemarginfalse
* (1in=72.27pt=25.4mm, 1cm=28.453pt)

(/usr/share/texlive/texmf-dist/tex/context/base/mkii/supp-pdf.mkii
[Loading MPS to PDF converter (version 2006.09.02).]
\scratchcounter=\count295
\scratchdimen=\dimen188
\scratchbox=\box59
\nofMPsegments=\count296
\nofMParguments=\count297
\everyMPshowfont=\toks27
\MPscratchCnt=\count298
\MPscratchDim=\dimen189
\MPnumerator=\count299
\makeMPintoPDFobject=\count300
\everyMPtoPDFconversion=\toks28
) (/usr/share/texlive/texmf-dist/tex/latex/epstopdf-pkg/epstopdf-base.sty
Package: epstopdf-base 2020-01-24 v2.11 Base part for package epstopdf
Package epstopdf-base Info: Redefining graphics rule for `.eps' on input line 4
85.

(/usr/share/texlive/texmf-dist/tex/latex/latexconfig/epstopdf-sys.cfg
File: epstopdf-sys.cfg 2010/07/13 v1.3 Configuration of (r)epstopdf for TeX Liv
e
))
Package caption Info: Begin \AtBeginDocument code.
Package caption Info: float package is loaded.
Package caption Info: listings package is loaded.
Package caption Info: End \AtBeginDocument code.

(/usr/share/texlive/texmf-dist/tex/latex/base/textcomp.sty
Package: textcomp 2020/02/02 v2.0n Standard LaTeX package
)
\c@lstlisting=\count301
<extras/Logo_IPN.png, id=1, 268.00125pt x 189.70876pt>
File: extras/Logo_IPN.png Graphic file (type png)
<use extras/Logo_IPN.png>
Package pdftex.def Info: extras/Logo_IPN.png  used on input line 28.
(pdftex.def)             Requested size: 196.96013pt x 139.41832pt.
LaTeX Font Info:    External font `cmex10' loaded for size
(Font)              <12> on input line 30.
LaTeX Font Info:    External font `cmex10' loaded for size
(Font)              <8> on input line 30.
LaTeX Font Info:    External font `cmex10' loaded for size
(Font)              <6> on input line 30.
<extras/Logo_ESCOM.png, id=2, 481.8pt x 367.3725pt>
File: extras/Logo_ESCOM.png Graphic file (type png)
<use extras/Logo_ESCOM.png>
Package pdftex.def Info: extras/Logo_ESCOM.png  used on input line 32.
(pdftex.def)             Requested size: 113.81114pt x 139.418pt.

Overfull \hbox (37.76335pt too wide) in paragraph at lines 27--35
[]$[]$$[]$ 
 []

[1

{/usr/share/texlive/texmf-dist/fonts/map/pdftex/updmap/pdftex.map} <./extras/Lo
go_IPN.png> <./extras/Logo_ESCOM.png>]
<extras/os.png, id=13, 1371.1225pt x 770.88pt>
File: extras/os.png Graphic file (type png)
<use extras/os.png>
Package pdftex.def Info: extras/os.png  used on input line 100.
(pdftex.def)             Requested size: 411.33992pt x 231.26578pt.
 [2 <./extras/os.png>] [3] [4]
Underfull \hbox (badness 10000) in paragraph at lines 133--134

 []

[5]
<complejidad/maincomp.jpeg, id=31, 591.20876pt x 564.1075pt>
File: complejidad/maincomp.jpeg Graphic file (type jpg)
<use complejidad/maincomp.jpeg>
Package pdftex.def Info: complejidad/maincomp.jpeg  used on input line 147.
(pdftex.def)             Requested size: 443.40547pt x 423.07957pt.
 [6 <./complejidad/maincomp.jpeg>]
<complejidad/createheap.jpeg, id=35, 591.20876pt x 149.55875pt>
File: complejidad/createheap.jpeg Graphic file (type jpg)
<use complejidad/createheap.jpeg>
Package pdftex.def Info: complejidad/createheap.jpeg  used on input line 152.
(pdftex.def)             Requested size: 443.40547pt x 112.16878pt.
<complejidad/readfile.jpeg, id=36, 591.20876pt x 433.62pt>
File: complejidad/readfile.jpeg Graphic file (type jpg)
<use complejidad/readfile.jpeg>
Package pdftex.def Info: complejidad/readfile.jpeg  used on input line 156.
(pdftex.def)             Requested size: 443.40547pt x 325.2142pt.
 [7 <./complejidad/createheap.jpeg> <./complejidad/readfile.jpeg>]
<complejidad/inserttree.jpeg, id=41, 591.20876pt x 179.67125pt>
File: complejidad/inserttree.jpeg Graphic file (type jpg)
<use complejidad/inserttree.jpeg>
Package pdftex.def Info: complejidad/inserttree.jpeg  used on input line 161.
(pdftex.def)             Requested size: 443.40547pt x 134.75308pt.
<complejidad/pushtree.jpeg, id=42, 477.785pt x 142.5325pt>
File: complejidad/pushtree.jpeg Graphic file (type jpg)
<use complejidad/pushtree.jpeg>
Package pdftex.def Info: complejidad/pushtree.jpeg  used on input line 165.
(pdftex.def)             Requested size: 358.33786pt x 106.8991pt.
<complejidad/insertheap.jpeg, id=43, 517.935pt x 197.73875pt>
File: complejidad/insertheap.jpeg Graphic file (type jpg)
<use complejidad/insertheap.jpeg>
Package pdftex.def Info: complejidad/insertheap.jpeg  used on input line 169.
(pdftex.def)             Requested size: 388.45029pt x 148.3037pt.
 [8 <./complejidad/inserttree.jpeg> <./complejidad/pushtree.jpeg> <./complejida
d/insertheap.jpeg>]
<complejidad/bottop.jpeg, id=47, 591.20876pt x 206.7725pt>
File: complejidad/bottop.jpeg Graphic file (type jpg)
<use complejidad/bottop.jpeg>
Package pdftex.def Info: complejidad/bottop.jpeg  used on input line 174.
(pdftex.def)             Requested size: 443.40547pt x 155.07898pt.
<complejidad/mergetrees.jpeg, id=48, 591.20876pt x 172.645pt>
File: complejidad/mergetrees.jpeg Graphic file (type jpg)
<use complejidad/mergetrees.jpeg>
Package pdftex.def Info: complejidad/mergetrees.jpeg  used on input line 178.
(pdftex.def)             Requested size: 443.40547pt x 129.48341pt.
<complejidad/popminheap.jpeg, id=49, 591.20876pt x 243.91125pt>
File: complejidad/popminheap.jpeg Graphic file (type jpg)
<use complejidad/popminheap.jpeg>
Package pdftex.def Info: complejidad/popminheap.jpeg  used on input line 182.
(pdftex.def)             Requested size: 443.40547pt x 182.93298pt.
 [9 <./complejidad/bottop.jpeg> <./complejidad/mergetrees.jpeg> <./complejidad/
popminheap.jpeg>]
<complejidad/topbot.jpeg, id=53, 591.20876pt x 363.3575pt>
File: complejidad/topbot.jpeg Graphic file (type jpg)
<use complejidad/topbot.jpeg>
Package pdftex.def Info: complejidad/topbot.jpeg  used on input line 187.
(pdftex.def)             Requested size: 443.40547pt x 272.51744pt.
<complejidad/mergenodes.jpeg, id=54, 591.20876pt x 179.67125pt>
File: complejidad/mergenodes.jpeg Graphic file (type jpg)
<use complejidad/mergenodes.jpeg>
Package pdftex.def Info: complejidad/mergenodes.jpeg  used on input line 191.
(pdftex.def)             Requested size: 443.40547pt x 134.75308pt.
 [10 <./complejidad/topbot.jpeg> <./complejidad/mergenodes.jpeg>]
<complejidad/getbits.jpeg, id=58, 591.20876pt x 208.78pt>
File: complejidad/getbits.jpeg Graphic file (type jpg)
<use complejidad/getbits.jpeg>
Package pdftex.def Info: complejidad/getbits.jpeg  used on input line 196.
(pdftex.def)             Requested size: 443.40547pt x 156.5846pt.
<complejidad/writeft.jpeg, id=59, 591.20876pt x 221.82875pt>
File: complejidad/writeft.jpeg Graphic file (type jpg)
<use complejidad/writeft.jpeg>
Package pdftex.def Info: complejidad/writeft.jpeg  used on input line 200.
(pdftex.def)             Requested size: 443.40547pt x 166.37114pt.
 [11 <./complejidad/getbits.jpeg> <./complejidad/writeft.jpeg>]
<complejidad/writeb.jpeg, id=63, 1284.8pt x 1224.575pt>
File: complejidad/writeb.jpeg Graphic file (type jpg)
<use complejidad/writeb.jpeg>
Package pdftex.def Info: complejidad/writeb.jpeg  used on input line 205.
(pdftex.def)             Requested size: 449.68674pt x 428.60768pt.
 [12 <./complejidad/writeb.jpeg>]
<complejidad/maindecomp.jpeg, id=67, 567.11874pt x 650.43pt>
File: complejidad/maindecomp.jpeg Graphic file (type jpg)
<use complejidad/maindecomp.jpeg>
Package pdftex.def Info: complejidad/maindecomp.jpeg  used on input line 212.
(pdftex.def)             Requested size: 425.33801pt x 487.8213pt.
 [13 <./complejidad/maindecomp.jpeg>]
File: complejidad/createheap.jpeg Graphic file (type jpg)
<use complejidad/createheap.jpeg>
Package pdftex.def Info: complejidad/createheap.jpeg  used on input line 219.
(pdftex.def)             Requested size: 443.40547pt x 112.16878pt.
<complejidad/readft.jpeg, id=72, 591.20876pt x 357.335pt>
File: complejidad/readft.jpeg Graphic file (type jpg)
<use complejidad/readft.jpeg>
Package pdftex.def Info: complejidad/readft.jpeg  used on input line 225.
(pdftex.def)             Requested size: 443.40547pt x 268.00058pt.
 [14 <./complejidad/readft.jpeg>]
File: complejidad/inserttree.jpeg Graphic file (type jpg)
<use complejidad/inserttree.jpeg>
Package pdftex.def Info: complejidad/inserttree.jpeg  used on input line 231.
(pdftex.def)             Requested size: 443.40547pt x 134.75308pt.
File: complejidad/pushtree.jpeg Graphic file (type jpg)
<use complejidad/pushtree.jpeg>
Package pdftex.def Info: complejidad/pushtree.jpeg  used on input line 237.
(pdftex.def)             Requested size: 358.33786pt x 106.8991pt.
File: complejidad/insertheap.jpeg Graphic file (type jpg)
<use complejidad/insertheap.jpeg>
Package pdftex.def Info: complejidad/insertheap.jpeg  used on input line 243.
(pdftex.def)             Requested size: 388.45029pt x 148.3037pt.
 [15]
File: complejidad/bottop.jpeg Graphic file (type jpg)
<use complejidad/bottop.jpeg>
Package pdftex.def Info: complejidad/bottop.jpeg  used on input line 250.
(pdftex.def)             Requested size: 443.40547pt x 155.07898pt.
File: complejidad/mergetrees.jpeg Graphic file (type jpg)
<use complejidad/mergetrees.jpeg>
Package pdftex.def Info: complejidad/mergetrees.jpeg  used on input line 256.
(pdftex.def)             Requested size: 443.40547pt x 129.48341pt.
File: complejidad/popminheap.jpeg Graphic file (type jpg)
<use complejidad/popminheap.jpeg>
Package pdftex.def Info: complejidad/popminheap.jpeg  used on input line 262.
(pdftex.def)             Requested size: 443.40547pt x 182.93298pt.
 [16]
File: complejidad/topbot.jpeg Graphic file (type jpg)
<use complejidad/topbot.jpeg>
Package pdftex.def Info: complejidad/topbot.jpeg  used on input line 268.
(pdftex.def)             Requested size: 443.40547pt x 272.51744pt.
File: complejidad/mergenodes.jpeg Graphic file (type jpg)
<use complejidad/mergenodes.jpeg>
Package pdftex.def Info: complejidad/mergenodes.jpeg  used on input line 274.
(pdftex.def)             Requested size: 443.40547pt x 134.75308pt.
 [17]
File: complejidad/getbits.jpeg Graphic file (type jpg)
<use complejidad/getbits.jpeg>
Package pdftex.def Info: complejidad/getbits.jpeg  used on input line 280.
(pdftex.def)             Requested size: 443.40547pt x 156.5846pt.
<complejidad/readb.jpeg, id=85, 591.20876pt x 376.40625pt>
File: complejidad/readb.jpeg Graphic file (type jpg)
<use complejidad/readb.jpeg>
Package pdftex.def Info: complejidad/readb.jpeg  used on input line 287.
(pdftex.def)             Requested size: 443.40547pt x 282.30399pt.
 [18 <./complejidad/readb.jpeg>]
<complejidad/write.jpeg, id=89, 591.20876pt x 381.425pt>
File: complejidad/write.jpeg Graphic file (type jpg)
<use complejidad/write.jpeg>
Package pdftex.def Info: complejidad/write.jpeg  used on input line 293.
(pdftex.def)             Requested size: 443.40547pt x 286.06804pt.
<complejidad/getchar.jpeg, id=90, 591.20876pt x 211.79124pt>
File: complejidad/getchar.jpeg Graphic file (type jpg)
<use complejidad/getchar.jpeg>
Package pdftex.def Info: complejidad/getchar.jpeg  used on input line 299.
(pdftex.def)             Requested size: 443.40547pt x 158.84303pt.
 [19 <./complejidad/write.jpeg> <./complejidad/getchar.jpeg>] [20] (./Reporte.a
ux
LaTeX Info: Redefining \. on input line 5.
LaTeX Info: Redefining \% on input line 5.
)

LaTeX Warning: There were multiply-defined labels.

 ) 
Here is how much of TeX's memory you used:
 10330 strings out of 481718
 173505 string characters out of 5926911
 488122 words of memory out of 6000000
 25880 multiletter control sequences out of 15000+600000
 536921 words of font info for 39 fonts, out of 8000000 for 9000
 430 hyphenation exceptions out of 8191
 55i,11n,96p,1095b,361s stack positions out of 5000i,500n,10000p,200000b,80000s
{/usr/share/texlive/texmf-dist/fonts/enc/dvips/cm-super/cm-super-ts1.enc}</us
r/share/texlive/texmf-dist/fonts/type1/public/amsfonts/cm/cmbx12.pfb></usr/shar
e/texlive/texmf-dist/fonts/type1/public/amsfonts/cm/cmmi12.pfb></usr/share/texl
ive/texmf-dist/fonts/type1/public/amsfonts/cm/cmr12.pfb></usr/share/texlive/tex
mf-dist/fonts/type1/public/amsfonts/cm/cmr17.pfb></usr/share/texlive/texmf-dist
/fonts/type1/public/amsfonts/cm/cmr8.pfb></usr/share/texlive/texmf-dist/fonts/t
ype1/public/amsfonts/cm/cmsy10.pfb></usr/share/texlive/texmf-dist/fonts/type1/p
ublic/amsfonts/cm/cmsy8.pfb></usr/share/texlive/texmf-dist/fonts/type1/public/c
m-super/sfrm1200.pfb>
Output written on Reporte.pdf (20 pages, 1314976 bytes).
PDF statistics:
 128 PDF objects out of 1000 (max. 8388607)
 72 compressed objects within 1 object stream
 0 named destinations out of 1000 (max. 500000)
 111 words of extra memory for PDF output out of 10000 (max. 10000000)

